<?xml version="1.0" encoding="UTF-8"?>
<!-- Generated by org.testng.reporters.JUnitReportReporter -->
<testsuite hostname="VARSHINI" failures="0" tests="4" name="tests.AuthTests" time="2.783" errors="0" timestamp="2025-08-13T12:30:26 IST" skipped="0">
  <testcase classname="tests.AuthTests" name="twoStepAuth_statusCode200" time="2.488"/>
  <system-out/>
  <testcase classname="tests.AuthTests" name="twoStepAuth_authCodeNotNull" time="0.001"/>
  <system-out/>
  <testcase classname="tests.AuthTests" name="tokenRequest_statusCode200" time="0.288"/>
  <system-out/>
  <testcase classname="tests.AuthTests" name="tokenRequest_accessTokenNotNull" time="0.006"/>
  <system-out/>
</testsuite> <!-- tests.AuthTests -->
